mode: set
github.com/madaha668/0pass/cmd/add.go:17.54,19.17 2 1
github.com/madaha668/0pass/cmd/add.go:19.17,21.4 1 0
github.com/madaha668/0pass/cmd/add.go:22.3,26.7 3 1
github.com/madaha668/0pass/cmd/add.go:26.7,28.18 2 1
github.com/madaha668/0pass/cmd/add.go:28.18,30.5 1 1
github.com/madaha668/0pass/cmd/add.go:31.4,32.18 2 1
github.com/madaha668/0pass/cmd/add.go:32.18,33.10 1 1
github.com/madaha668/0pass/cmd/add.go:35.4,35.45 1 1
github.com/madaha668/0pass/cmd/add.go:39.3,40.17 2 1
github.com/madaha668/0pass/cmd/add.go:40.17,42.4 1 0
github.com/madaha668/0pass/cmd/add.go:43.3,47.7 3 1
github.com/madaha668/0pass/cmd/add.go:47.7,49.18 2 1
github.com/madaha668/0pass/cmd/add.go:49.18,51.5 1 0
github.com/madaha668/0pass/cmd/add.go:52.4,53.20 2 1
github.com/madaha668/0pass/cmd/add.go:53.20,54.10 1 1
github.com/madaha668/0pass/cmd/add.go:56.4,56.44 1 1
github.com/madaha668/0pass/cmd/add.go:60.3,62.97 3 1
github.com/madaha668/0pass/cmd/add.go:62.97,65.18 3 1
github.com/madaha668/0pass/cmd/add.go:65.18,67.5 1 0
github.com/madaha668/0pass/cmd/add.go:68.4,69.56 2 1
github.com/madaha668/0pass/cmd/add.go:69.56,71.29 2 1
github.com/madaha668/0pass/cmd/add.go:71.29,73.6 1 1
github.com/madaha668/0pass/cmd/add.go:74.5,74.35 1 1
github.com/madaha668/0pass/cmd/add.go:74.35,76.6 1 1
github.com/madaha668/0pass/cmd/add.go:77.5,77.41 1 1
github.com/madaha668/0pass/cmd/add.go:78.10,80.19 2 1
github.com/madaha668/0pass/cmd/add.go:80.19,82.6 1 0
github.com/madaha668/0pass/cmd/add.go:83.5,83.37 1 1
github.com/madaha668/0pass/cmd/add.go:85.9,87.18 2 1
github.com/madaha668/0pass/cmd/add.go:87.18,89.5 1 0
github.com/madaha668/0pass/cmd/add.go:90.4,90.36 1 1
github.com/madaha668/0pass/cmd/add.go:94.3,95.17 2 1
github.com/madaha668/0pass/cmd/add.go:95.17,97.4 1 0
github.com/madaha668/0pass/cmd/add.go:99.3,100.24 2 1
github.com/madaha668/0pass/cmd/add.go:100.24,103.18 3 1
github.com/madaha668/0pass/cmd/add.go:103.18,105.5 1 0
github.com/madaha668/0pass/cmd/add.go:106.4,107.66 2 1
github.com/madaha668/0pass/cmd/add.go:108.9,111.4 2 1
github.com/madaha668/0pass/cmd/add.go:114.3,115.50 2 1
github.com/madaha668/0pass/cmd/add.go:115.50,117.4 1 0
github.com/madaha668/0pass/cmd/add.go:118.3,134.36 5 1
github.com/madaha668/0pass/cmd/add.go:134.36,136.4 1 1
github.com/madaha668/0pass/cmd/add.go:138.3,139.13 2 1
github.com/madaha668/0pass/cmd/delete.go:14.54,16.20 2 1
github.com/madaha668/0pass/cmd/delete.go:16.20,18.4 1 1
github.com/madaha668/0pass/cmd/delete.go:20.3,21.17 2 1
github.com/madaha668/0pass/cmd/delete.go:21.17,23.4 1 0
github.com/madaha668/0pass/cmd/delete.go:24.3,29.23 4 1
github.com/madaha668/0pass/cmd/delete.go:30.10,32.14 2 1
github.com/madaha668/0pass/cmd/delete.go:33.10,34.22 1 1
github.com/madaha668/0pass/cmd/delete.go:35.11,37.18 2 1
github.com/madaha668/0pass/cmd/delete.go:37.18,39.5 1 0
github.com/madaha668/0pass/cmd/delete.go:42.3,47.17 5 1
github.com/madaha668/0pass/cmd/delete.go:47.17,49.4 1 1
github.com/madaha668/0pass/cmd/delete.go:50.3,51.39 2 1
github.com/madaha668/0pass/cmd/delete.go:51.39,54.4 2 1
github.com/madaha668/0pass/cmd/delete.go:56.3,57.31 2 1
github.com/madaha668/0pass/cmd/delete.go:57.31,58.24 1 1
github.com/madaha668/0pass/cmd/delete.go:58.24,60.5 1 1
github.com/madaha668/0pass/cmd/delete.go:62.3,64.36 2 1
github.com/madaha668/0pass/cmd/delete.go:64.36,66.4 1 0
github.com/madaha668/0pass/cmd/delete.go:68.3,69.13 2 1
github.com/madaha668/0pass/cmd/deps.go:21.58,27.2 4 0
github.com/madaha668/0pass/cmd/deps.go:30.47,32.2 1 0
github.com/madaha668/0pass/cmd/deps.go:35.65,37.2 1 0
github.com/madaha668/0pass/cmd/deps.go:41.52,43.16 2 1
github.com/madaha668/0pass/cmd/deps.go:43.16,45.3 1 1
github.com/madaha668/0pass/cmd/deps.go:46.2,47.16 2 1
github.com/madaha668/0pass/cmd/deps.go:47.16,50.3 2 1
github.com/madaha668/0pass/cmd/deps.go:51.2,51.19 1 1
github.com/madaha668/0pass/cmd/edit.go:16.54,18.20 2 1
github.com/madaha668/0pass/cmd/edit.go:18.20,20.4 1 1
github.com/madaha668/0pass/cmd/edit.go:22.3,23.17 2 1
github.com/madaha668/0pass/cmd/edit.go:23.17,25.4 1 0
github.com/madaha668/0pass/cmd/edit.go:26.3,31.23 4 1
github.com/madaha668/0pass/cmd/edit.go:32.10,34.14 2 1
github.com/madaha668/0pass/cmd/edit.go:35.10,36.22 1 1
github.com/madaha668/0pass/cmd/edit.go:37.11,39.18 2 1
github.com/madaha668/0pass/cmd/edit.go:39.18,41.5 1 0
github.com/madaha668/0pass/cmd/edit.go:45.3,46.17 2 1
github.com/madaha668/0pass/cmd/edit.go:46.17,48.4 1 1
github.com/madaha668/0pass/cmd/edit.go:49.3,49.41 1 1
github.com/madaha668/0pass/cmd/edit.go:49.41,51.4 1 1
github.com/madaha668/0pass/cmd/edit.go:54.3,55.17 2 1
github.com/madaha668/0pass/cmd/edit.go:55.17,57.4 1 0
github.com/madaha668/0pass/cmd/edit.go:58.3,58.45 1 1
github.com/madaha668/0pass/cmd/edit.go:58.45,60.4 1 0
github.com/madaha668/0pass/cmd/edit.go:63.3,64.17 2 1
github.com/madaha668/0pass/cmd/edit.go:64.17,66.4 1 0
github.com/madaha668/0pass/cmd/edit.go:67.3,67.40 1 1
github.com/madaha668/0pass/cmd/edit.go:67.40,69.4 1 0
github.com/madaha668/0pass/cmd/edit.go:72.3,73.17 2 1
github.com/madaha668/0pass/cmd/edit.go:73.17,75.4 1 0
github.com/madaha668/0pass/cmd/edit.go:76.3,78.16 3 1
github.com/madaha668/0pass/cmd/edit.go:79.12,82.18 3 1
github.com/madaha668/0pass/cmd/edit.go:82.18,84.5 1 0
github.com/madaha668/0pass/cmd/edit.go:85.4,86.62 2 1
github.com/madaha668/0pass/cmd/edit.go:87.11,87.11 0 1
github.com/madaha668/0pass/cmd/edit.go:89.11,90.26 1 0
github.com/madaha668/0pass/cmd/edit.go:94.3,95.17 2 1
github.com/madaha668/0pass/cmd/edit.go:95.17,97.4 1 0
github.com/madaha668/0pass/cmd/edit.go:98.3,98.42 1 1
github.com/madaha668/0pass/cmd/edit.go:98.42,100.4 1 0
github.com/madaha668/0pass/cmd/edit.go:102.3,104.36 2 1
github.com/madaha668/0pass/cmd/edit.go:104.36,106.4 1 1
github.com/madaha668/0pass/cmd/edit.go:108.3,109.13 2 1
github.com/madaha668/0pass/cmd/get.go:14.54,16.20 2 1
github.com/madaha668/0pass/cmd/get.go:16.20,18.4 1 1
github.com/madaha668/0pass/cmd/get.go:18.9,21.18 3 1
github.com/madaha668/0pass/cmd/get.go:21.18,23.5 1 1
github.com/madaha668/0pass/cmd/get.go:24.4,24.36 1 1
github.com/madaha668/0pass/cmd/get.go:27.3,28.17 2 1
github.com/madaha668/0pass/cmd/get.go:28.17,30.4 1 0
github.com/madaha668/0pass/cmd/get.go:31.3,36.23 4 1
github.com/madaha668/0pass/cmd/get.go:37.10,39.14 2 1
github.com/madaha668/0pass/cmd/get.go:40.10,41.22 1 1
github.com/madaha668/0pass/cmd/get.go:42.11,44.18 2 1
github.com/madaha668/0pass/cmd/get.go:44.18,46.5 1 1
github.com/madaha668/0pass/cmd/get.go:49.3,49.57 1 1
github.com/madaha668/0pass/cmd/get.go:49.57,51.4 1 1
github.com/madaha668/0pass/cmd/get.go:53.3,54.13 2 1
github.com/madaha668/0pass/cmd/init.go:14.54,16.17 2 1
github.com/madaha668/0pass/cmd/init.go:16.17,18.4 1 0
github.com/madaha668/0pass/cmd/init.go:19.3,22.17 3 1
github.com/madaha668/0pass/cmd/init.go:22.17,24.4 1 0
github.com/madaha668/0pass/cmd/init.go:25.3,27.29 2 1
github.com/madaha668/0pass/cmd/init.go:27.29,29.4 1 1
github.com/madaha668/0pass/cmd/init.go:31.3,31.41 1 1
github.com/madaha668/0pass/cmd/init.go:31.41,33.4 1 1
github.com/madaha668/0pass/cmd/init.go:35.3,36.13 2 1
github.com/madaha668/0pass/cmd/list.go:13.54,15.17 2 1
github.com/madaha668/0pass/cmd/list.go:15.17,17.4 1 1
github.com/madaha668/0pass/cmd/list.go:18.3,20.26 2 1
github.com/madaha668/0pass/cmd/list.go:20.26,23.4 2 1
github.com/madaha668/0pass/cmd/list.go:25.3,27.31 3 1
github.com/madaha668/0pass/cmd/list.go:27.31,29.4 1 1
github.com/madaha668/0pass/cmd/list.go:30.3,30.13 1 1
github.com/madaha668/0pass/cmd/passwd.go:14.54,16.17 2 1
github.com/madaha668/0pass/cmd/passwd.go:16.17,18.4 1 0
github.com/madaha668/0pass/cmd/passwd.go:19.3,22.17 3 1
github.com/madaha668/0pass/cmd/passwd.go:22.17,24.4 1 1
github.com/madaha668/0pass/cmd/passwd.go:26.3,27.17 2 1
github.com/madaha668/0pass/cmd/passwd.go:27.17,29.4 1 1
github.com/madaha668/0pass/cmd/passwd.go:30.3,33.17 3 1
github.com/madaha668/0pass/cmd/passwd.go:33.17,35.4 1 0
github.com/madaha668/0pass/cmd/passwd.go:36.3,38.35 2 1
github.com/madaha668/0pass/cmd/passwd.go:38.35,40.4 1 1
github.com/madaha668/0pass/cmd/passwd.go:42.3,42.40 1 1
github.com/madaha668/0pass/cmd/passwd.go:42.40,44.4 1 0
github.com/madaha668/0pass/cmd/passwd.go:46.3,47.13 2 1
github.com/madaha668/0pass/cmd/prompt.go:14.46,18.6 4 1
github.com/madaha668/0pass/cmd/prompt.go:18.6,20.12 2 1
github.com/madaha668/0pass/cmd/prompt.go:20.12,21.22 1 1
github.com/madaha668/0pass/cmd/prompt.go:21.22,22.10 1 1
github.com/madaha668/0pass/cmd/prompt.go:24.4,24.35 1 1
github.com/madaha668/0pass/cmd/prompt.go:26.3,26.20 1 1
github.com/madaha668/0pass/cmd/prompt.go:26.20,27.9 1 1
github.com/madaha668/0pass/cmd/prompt.go:29.3,29.17 1 1
github.com/madaha668/0pass/cmd/prompt.go:29.17,31.4 1 1
github.com/madaha668/0pass/cmd/prompt.go:33.2,33.53 1 1
github.com/madaha668/0pass/cmd/prompt.go:37.64,38.28 1 1
github.com/madaha668/0pass/cmd/prompt.go:38.28,40.3 1 1
github.com/madaha668/0pass/cmd/prompt.go:41.2,42.16 2 1
github.com/madaha668/0pass/cmd/prompt.go:42.16,44.3 1 1
github.com/madaha668/0pass/cmd/prompt.go:45.2,46.45 2 1
github.com/madaha668/0pass/cmd/prompt.go:46.45,48.3 1 1
github.com/madaha668/0pass/cmd/prompt.go:49.2,49.26 1 1
github.com/madaha668/0pass/cmd/root.go:20.16,21.42 1 1
github.com/madaha668/0pass/cmd/root.go:21.42,24.3 2 1
github.com/madaha668/0pass/cmd/root.go:28.29,30.2 1 1
github.com/madaha668/0pass/cmd/root.go:32.13,40.2 7 1
