mode: set
github.com/madaha668/0pass/internal/vault/crypto.go:24.46,26.2 1 1
github.com/madaha668/0pass/internal/vault/crypto.go:28.32,30.57 2 1
github.com/madaha668/0pass/internal/vault/crypto.go:30.57,32.3 1 1
github.com/madaha668/0pass/internal/vault/crypto.go:33.2,33.18 1 1
github.com/madaha668/0pass/internal/vault/crypto.go:36.75,38.16 2 1
github.com/madaha668/0pass/internal/vault/crypto.go:38.16,40.3 1 1
github.com/madaha668/0pass/internal/vault/crypto.go:42.2,45.57 3 1
github.com/madaha668/0pass/internal/vault/crypto.go:45.57,47.3 1 1
github.com/madaha668/0pass/internal/vault/crypto.go:49.2,50.31 2 1
github.com/madaha668/0pass/internal/vault/crypto.go:53.61,55.16 2 1
github.com/madaha668/0pass/internal/vault/crypto.go:55.16,57.3 1 1
github.com/madaha668/0pass/internal/vault/crypto.go:59.2,62.16 3 1
github.com/madaha668/0pass/internal/vault/crypto.go:62.16,64.3 1 1
github.com/madaha668/0pass/internal/vault/crypto.go:65.2,65.23 1 1
github.com/madaha668/0pass/internal/vault/crypto.go:69.26,70.19 1 1
github.com/madaha668/0pass/internal/vault/crypto.go:70.19,72.3 1 1
github.com/madaha668/0pass/internal/vault/vault.go:26.35,28.16 2 1
github.com/madaha668/0pass/internal/vault/vault.go:28.16,30.3 1 1
github.com/madaha668/0pass/internal/vault/vault.go:31.2,31.51 1 1
github.com/madaha668/0pass/internal/vault/vault.go:35.25,35.51 1 1
github.com/madaha668/0pass/internal/vault/vault.go:44.34,46.41 2 1
github.com/madaha668/0pass/internal/vault/vault.go:46.41,48.3 1 1
github.com/madaha668/0pass/internal/vault/vault.go:50.2,51.47 2 1
github.com/madaha668/0pass/internal/vault/vault.go:51.47,53.3 1 1
github.com/madaha668/0pass/internal/vault/vault.go:55.2,56.32 2 1
github.com/madaha668/0pass/internal/vault/vault.go:60.44,62.2 1 1
github.com/madaha668/0pass/internal/vault/vault.go:65.45,67.2 1 1
github.com/madaha668/0pass/internal/vault/vault.go:71.57,75.16 3 1
github.com/madaha668/0pass/internal/vault/vault.go:75.16,77.3 1 1
github.com/madaha668/0pass/internal/vault/vault.go:79.2,83.16 4 1
github.com/madaha668/0pass/internal/vault/vault.go:83.16,85.3 1 0
github.com/madaha668/0pass/internal/vault/vault.go:87.2,95.65 8 1
github.com/madaha668/0pass/internal/vault/vault.go:95.65,97.3 1 1
github.com/madaha668/0pass/internal/vault/vault.go:99.2,99.48 1 1
github.com/madaha668/0pass/internal/vault/vault.go:99.48,102.3 2 1
github.com/madaha668/0pass/internal/vault/vault.go:104.2,104.12 1 1
github.com/madaha668/0pass/internal/vault/vault.go:108.57,110.16 2 1
github.com/madaha668/0pass/internal/vault/vault.go:110.16,111.37 1 1
github.com/madaha668/0pass/internal/vault/vault.go:111.37,113.4 1 1
github.com/madaha668/0pass/internal/vault/vault.go:114.3,114.51 1 1
github.com/madaha668/0pass/internal/vault/vault.go:118.2,119.24 2 1
github.com/madaha668/0pass/internal/vault/vault.go:119.24,121.3 1 1
github.com/madaha668/0pass/internal/vault/vault.go:123.2,126.57 2 1
github.com/madaha668/0pass/internal/vault/vault.go:126.57,128.3 1 1
github.com/madaha668/0pass/internal/vault/vault.go:129.2,132.29 2 1
github.com/madaha668/0pass/internal/vault/vault.go:132.29,134.3 1 1
github.com/madaha668/0pass/internal/vault/vault.go:135.2,152.16 10 1
github.com/madaha668/0pass/internal/vault/vault.go:152.16,154.3 1 1
github.com/madaha668/0pass/internal/vault/vault.go:156.2,157.54 2 1
github.com/madaha668/0pass/internal/vault/vault.go:157.54,159.3 1 1
github.com/madaha668/0pass/internal/vault/vault.go:161.2,161.22 1 1
github.com/madaha668/0pass/internal/vault/vault.go:161.22,163.3 1 1
github.com/madaha668/0pass/internal/vault/vault.go:165.2,165.16 1 1
github.com/madaha668/0pass/internal/vault/vault.go:171.43,174.2 2 1
github.com/madaha668/0pass/internal/vault/vault.go:176.32,176.57 1 1
github.com/madaha668/0pass/internal/vault/vault.go:180.52,181.17 1 1
github.com/madaha668/0pass/internal/vault/vault.go:181.17,183.3 1 1
github.com/madaha668/0pass/internal/vault/vault.go:185.2,189.28 4 1
github.com/madaha668/0pass/internal/vault/vault.go:189.28,191.3 1 1
github.com/madaha668/0pass/internal/vault/vault.go:192.2,192.15 1 1
